<?xml version="1.0" encoding="UTF-8"?>
<testsuite xmlns:xsi="http://www.w3.org/2001/XMLSchema-instance" xsi:noNamespaceSchemaLocation="https://maven.apache.org/surefire/maven-surefire-plugin/xsd/surefire-test-report-3.0.xsd" version="3.0" name="hellocucumber.RunCucumberTest" time="0.388" tests="6" errors="0" skipped="0" failures="0">
  <properties>
[...]
</properties>
  <testcase name="aBc should be capitalized to ABC" classname="Is the string capitalized?" time="0.12">
    <system-out><![CDATA[
Scenario: aBc should be capitalized to ABC &amp#27;[90m# hellocucumber/capitalizse_string.feature:4&amp#27;[0m
  &amp#27;[32mGiven &amp#27;[0m&amp#27;[32man input string &amp#27;[0m&amp#27;[32m&amp#27;[1m"aBc"&amp#27;[0m              &amp#27;[90m# hellocucumber.StepDefinitions.an_input_string(java.lang.String)&amp#27;[0m
  &amp#27;[32mWhen &amp#27;[0m&amp#27;[32mI capitalize the string&amp#27;[0m             &amp#27;[90m# hellocucumber.StepDefinitions.i_capitalize_the_string()&amp#27;[0m
  &amp#27;[32mThen &amp#27;[0m&amp#27;[32mI should return the string &amp#27;[0m&amp#27;[32m&amp#27;[1m"ABC"&amp#27;[0m    &amp#27;[90m# hellocucumber.StepDefinitions.i_should_return_the_string_reversed(java.lang.String)&amp#27;[0m
]]></system-out>
  </testcase>
  <testcase name="No input string to capitalize" classname="Is the string capitalized?" time="0.011">
    <system-out><![CDATA[
Scenario: No input string to capitalize      &amp#27;[90m# hellocucumber/capitalizse_string.feature:9&amp#27;[0m
  &amp#27;[32mGiven &amp#27;[0m&amp#27;[32mno input string&amp#27;[0m                      &amp#27;[90m# hellocucumber.StepDefinitions.no_input_string()&amp#27;[0m
  &amp#27;[32mWhen &amp#27;[0m&amp#27;[32mI reverse the string&amp#27;[0m                  &amp#27;[90m# hellocucumber.StepDefinitions.i_reverse_the_string()&amp#27;[0m
  &amp#27;[32mThen &amp#27;[0m&amp#27;[32mI should return the string &amp#27;[0m&amp#27;[32m&amp#27;[1m"no input"&amp#27;[0m &amp#27;[90m# hellocucumber.StepDefinitions.i_should_return_the_string_reversed(java.lang.String)&amp#27;[0m
]]></system-out>
  </testcase>
  <testcase name="aBc should be lowercased to abc" classname="Is the string lowercase?" time="0.023">
    <system-out><![CDATA[
Scenario: aBc should be lowercased to abc &amp#27;[90m# hellocucumber/lowercase_string.feature:5&amp#27;[0m
  &amp#27;[32mGiven &amp#27;[0m&amp#27;[32man input string &amp#27;[0m&amp#27;[32m&amp#27;[1m"aBc"&amp#27;[0m             &amp#27;[90m# hellocucumber.StepDefinitions.an_input_string(java.lang.String)&amp#27;[0m
  &amp#27;[32mWhen &amp#27;[0m&amp#27;[32mI lowercase the string&amp#27;[0m             &amp#27;[90m# hellocucumber.StepDefinitions.i_lowercase_the_string()&amp#27;[0m
  &amp#27;[32mThen &amp#27;[0m&amp#27;[32mI should return the string &amp#27;[0m&amp#27;[32m&amp#27;[1m"abc"&amp#27;[0m   &amp#27;[90m# hellocucumber.StepDefinitions.i_should_return_the_string_reversed(java.lang.String)&amp#27;[0m
]]></system-out>
  </testcase>
  <testcase name="No input string to lowercase" classname="Is the string lowercase?" time="0.009">
    <system-out><![CDATA[
Scenario: No input string to lowercase       &amp#27;[90m# hellocucumber/lowercase_string.feature:10&amp#27;[0m
  &amp#27;[32mGiven &amp#27;[0m&amp#27;[32mno input string&amp#27;[0m                      &amp#27;[90m# hellocucumber.StepDefinitions.no_input_string()&amp#27;[0m
  &amp#27;[32mWhen &amp#27;[0m&amp#27;[32mI reverse the string&amp#27;[0m                  &amp#27;[90m# hellocucumber.StepDefinitions.i_reverse_the_string()&amp#27;[0m
  &amp#27;[32mThen &amp#27;[0m&amp#27;[32mI should return the string &amp#27;[0m&amp#27;[32m&amp#27;[1m"no input"&amp#27;[0m &amp#27;[90m# hellocucumber.StepDefinitions.i_should_return_the_string_reversed(java.lang.String)&amp#27;[0m
]]></system-out>
  </testcase>
  <testcase name="Input string should be reversed" classname="Is the string reversed?" time="0.01">
    <system-out><![CDATA[
Scenario: Input string should be reversed &amp#27;[90m# hellocucumber/reverse_string.feature:4&amp#27;[0m
  &amp#27;[32mGiven &amp#27;[0m&amp#27;[32man input string &amp#27;[0m&amp#27;[32m&amp#27;[1m"aBc"&amp#27;[0m             &amp#27;[90m# hellocucumber.StepDefinitions.an_input_string(java.lang.String)&amp#27;[0m
  &amp#27;[32mWhen &amp#27;[0m&amp#27;[32mI reverse the string&amp#27;[0m               &amp#27;[90m# hellocucumber.StepDefinitions.i_reverse_the_string()&amp#27;[0m
  &amp#27;[32mThen &amp#27;[0m&amp#27;[32mI should return the string &amp#27;[0m&amp#27;[32m&amp#27;[1m"cBa"&amp#27;[0m   &amp#27;[90m# hellocucumber.StepDefinitions.i_should_return_the_string_reversed(java.lang.String)&amp#27;[0m
]]></system-out>
  </testcase>
  <testcase name="No input string to reverse" classname="Is the string reversed?" time="0.01">
    <system-out><![CDATA[
Scenario: No input string to reverse         &amp#27;[90m# hellocucumber/reverse_string.feature:9&amp#27;[0m
  &amp#27;[32mGiven &amp#27;[0m&amp#27;[32mno input string&amp#27;[0m                      &amp#27;[90m# hellocucumber.StepDefinitions.no_input_string()&amp#27;[0m
  &amp#27;[32mWhen &amp#27;[0m&amp#27;[32mI reverse the string&amp#27;[0m                  &amp#27;[90m# hellocucumber.StepDefinitions.i_reverse_the_string()&amp#27;[0m
  &amp#27;[32mThen &amp#27;[0m&amp#27;[32mI should return the string &amp#27;[0m&amp#27;[32m&amp#27;[1m"no input"&amp#27;[0m &amp#27;[90m# hellocucumber.StepDefinitions.i_should_return_the_string_reversed(java.lang.String)&amp#27;[0m
]]></system-out>
  </testcase>
</testsuite>